[debug] [2023-08-13T05:30:31.958Z] ----------------------------------------------------------------------
[debug] [2023-08-13T05:30:31.960Z] Command:       C:\Program Files\nodejs\node.exe C:\Program Files\nodejs\node_modules\firebase-tools\lib\bin\firebase.js init
[debug] [2023-08-13T05:30:31.960Z] CLI Version:   12.4.6
[debug] [2023-08-13T05:30:31.960Z] Platform:      win32
[debug] [2023-08-13T05:30:31.960Z] Node Version:  v18.17.0
[debug] [2023-08-13T05:30:31.961Z] Time:          Sun Aug 13 2023 05:30:31 GMT+0000 (heure moyenne de Greenwich)
[debug] [2023-08-13T05:30:31.961Z] ----------------------------------------------------------------------
[debug] 
[debug] [2023-08-13T05:30:31.966Z] > command requires scopes: ["email","openid","https://www.googleapis.com/auth/cloudplatformprojects.readonly","https://www.googleapis.com/auth/firebase","https://www.googleapis.com/auth/cloud-platform"]
[debug] [2023-08-13T05:30:31.967Z] > authorizing via signed-in user (koffimawuli.adjoda@gmail.com)
[info] 
     ######## #### ########  ######## ########     ###     ######  ########
     ##        ##  ##     ## ##       ##     ##  ##   ##  ##       ##
     ######    ##  ########  ######   ########  #########  ######  ######
     ##        ##  ##    ##  ##       ##     ## ##     ##       ## ##
     ##       #### ##     ## ######## ########  ##     ##  ######  ########

You're about to initialize a Firebase project in this directory:

  D:\dev\react-project\git\connect-pharma-app

[info] 
=== Project Setup
[info] 
[info] First, let's associate this project directory with a Firebase project.
[info] You can create multiple project aliases by running firebase use --add, 
[info] but for now we'll just set up a default project.
[info] 
